<?xml version="1.0" encoding="UTF-8"?>
<testng-results ignored="0" total="1" passed="1" failed="0" skipped="0">
  <reporter-output>
  </reporter-output>
  <suite started-at="2022-09-27T22:48:44 IST" name="Default suite" finished-at="2022-09-27T22:49:20 IST" duration-ms="35777">
    <groups>
    </groups>
    <test started-at="2022-09-27T22:48:44 IST" name="Default test" finished-at="2022-09-27T22:49:20 IST" duration-ms="35777">
      <class name="FlipkartScenario_1_Test">
        <test-method signature="flipKartTest()[pri:0, instance:FlipkartScenario_1_Test@10e31a9a]" started-at="2022-09-27T22:48:44 IST" name="flipKartTest" finished-at="2022-09-27T22:49:20 IST" duration-ms="35507" status="PASS">
          <reporter-output>
          </reporter-output>
        </test-method> <!-- flipKartTest -->
      </class> <!-- FlipkartScenario_1_Test -->
    </test> <!-- Default test -->
  </suite> <!-- Default suite -->
</testng-results>
