<?xml version="1.0" encoding="UTF-8"?>
<testng-results ignored="0" total="1" passed="1" failed="0" skipped="0">
  <reporter-output>
  </reporter-output>
  <suite started-at="2022-10-01T10:48:30 IST" name="Default suite" finished-at="2022-10-01T10:49:35 IST" duration-ms="64667">
    <groups>
    </groups>
    <test started-at="2022-10-01T10:48:30 IST" name="Default test" finished-at="2022-10-01T10:49:35 IST" duration-ms="64667">
      <class name="flipcart_Scenarios.FlipkartScenario_1_Test">
        <test-method signature="flipKartTest()[pri:0, instance:flipcart_Scenarios.FlipkartScenario_1_Test@20deea7f]" started-at="2022-10-01T10:48:30 IST" name="flipKartTest" finished-at="2022-10-01T10:49:35 IST" duration-ms="64617" status="PASS">
          <reporter-output>
          </reporter-output>
        </test-method> <!-- flipKartTest -->
      </class> <!-- flipcart_Scenarios.FlipkartScenario_1_Test -->
    </test> <!-- Default test -->
  </suite> <!-- Default suite -->
</testng-results>
